Loaded testmodule 'comp'
Loaded testmodule 'builder'
Loaded testmodule 'frontend'
Loaded testmodule 'build'
Loaded testmodule 'form'
Loaded testmodule 'sql_storage'
Loaded testmodule 'rstwriter'
...........E...................................................
======================================================================
ERROR: test_1 (form.FormTest)
----------------------------------------------------------------------
Traceback (most recent call last):
  File "/Users/berend/project/docutils-ext/test/form.py", line 172, in test_1
    document = builder.build(source, source_id)
  File "/Users/berend/project/docutils-ext/dotmpe/du/builder/__init__.py", line 194, in build
    self.document = self.reader.read(source, self.parser, self.settings)
  File "/Library/Python/2.7/site-packages/docutils/readers/__init__.py", line 72, in read
    self.parse()
  File "/Library/Python/2.7/site-packages/docutils/readers/__init__.py", line 77, in parse
    self.document = document = self.new_document()
  File "/Library/Python/2.7/site-packages/docutils/readers/__init__.py", line 83, in new_document
    document = utils.new_document(self.source.source_path, self.settings)
  File "/Library/Python/2.7/site-packages/docutils/utils/__init__.py", line 441, in new_document
    reporter = new_reporter(source_path, settings)
  File "/Library/Python/2.7/site-packages/docutils/utils/__init__.py", line 414, in new_reporter
    stream=settings.warning_stream, debug=settings.debug,
AttributeError: Values instance has no attribute 'warning_stream'

----------------------------------------------------------------------
Ran 63 tests in 0.944s

FAILED (errors=1)
